INFO  15:55:31,744 - Compiling source file: /Users/dusankrdzic/eclipse-workspace/MJCompiler/test/program_sintaksa_ispravno.mj
INFO  15:55:31,806 - #2 program
INFO  15:55:31,806 - #14 TestSintaksaIspravno
INFO  15:55:31,806 - #4 const
INFO  15:55:31,807 - #14 int
INFO  15:55:31,809 - #14 size
INFO  15:55:31,810 - #41 =
INFO  15:55:31,810 - #11 10
INFO  15:55:31,810 - #5 ;
INFO  15:55:31,811 - #19 abstract
INFO  15:55:31,812 - #7 class
INFO  15:55:31,812 - #14 Tab
INFO  15:55:31,812 - #10 {
INFO  15:55:31,813 - #14 int
INFO  15:55:31,814 - #14 size
INFO  15:55:31,814 - #5 ;
INFO  15:55:31,814 - #10 {
INFO  15:55:31,815 - #19 abstract
INFO  15:55:31,815 - #14 int
INFO  15:55:31,815 - #14 getp
INFO  15:55:31,816 - #8 (
INFO  15:55:31,816 - #14 int
INFO  15:55:31,816 - #14 i
INFO  15:55:31,816 - #9 )
INFO  15:55:31,817 - #5 ;
INFO  15:55:31,817 - #19 abstract
INFO  15:55:31,817 - #14 int
INFO  15:55:31,817 - #14 getn
INFO  15:55:31,817 - #8 (
INFO  15:55:31,817 - #14 int
INFO  15:55:31,817 - #14 i
INFO  15:55:31,817 - #9 )
INFO  15:55:31,818 - #5 ;
INFO  15:55:31,818 - #14 int
INFO  15:55:31,818 - #14 getSize
INFO  15:55:31,818 - #8 (
INFO  15:55:31,818 - #9 )
INFO  15:55:31,819 - #10 {
INFO  15:55:31,819 - #23 return
INFO  15:55:31,820 - #14 size
INFO  15:55:31,820 - #5 ;
INFO  15:55:31,823 - #3 }
INFO  15:55:31,824 - #3 }
INFO  15:55:31,825 - #3 }
INFO  15:55:31,825 - #7 class
INFO  15:55:31,826 - #14 Table
INFO  15:55:31,826 - #18 extends
INFO  15:55:31,827 - #14 Tab
INFO  15:55:31,827 - #10 {
INFO  15:55:31,827 - #14 int
INFO  15:55:31,827 - #14 pos
INFO  15:55:31,827 - #15 [
INFO  15:55:31,827 - #16 ]
INFO  15:55:31,827 - #6 ,
INFO  15:55:31,827 - #14 neg
INFO  15:55:31,828 - #15 [
INFO  15:55:31,828 - #16 ]
INFO  15:55:31,828 - #5 ;
INFO  15:55:31,828 - #10 {
INFO  15:55:31,828 - #42 void
INFO  15:55:31,829 - #14 putp
INFO  15:55:31,830 - #8 (
INFO  15:55:31,830 - #14 int
INFO  15:55:31,830 - #14 a
INFO  15:55:31,830 - #6 ,
INFO  15:55:31,830 - #14 int
INFO  15:55:31,830 - #14 idx
INFO  15:55:31,831 - #9 )
INFO  15:55:31,831 - #10 {
INFO  15:55:31,831 - #14 this
INFO  15:55:31,831 - #29 .
INFO  15:55:31,831 - #14 pos
INFO  15:55:31,831 - #15 [
INFO  15:55:31,831 - #14 idx
INFO  15:55:31,832 - #16 ]
INFO  15:55:31,832 - #41 =
INFO  15:55:31,832 - #14 a
INFO  15:55:31,833 - #5 ;
INFO  15:55:31,834 - #3 }
INFO  15:55:31,834 - #42 void
INFO  15:55:31,834 - #14 putn
INFO  15:55:31,834 - #8 (
INFO  15:55:31,834 - #14 int
INFO  15:55:31,834 - #14 a
INFO  15:55:31,834 - #6 ,
INFO  15:55:31,834 - #14 int
INFO  15:55:31,834 - #14 idx
INFO  15:55:31,834 - #9 )
INFO  15:55:31,834 - #10 {
INFO  15:55:31,834 - #14 this
INFO  15:55:31,834 - #29 .
INFO  15:55:31,835 - #14 neg
INFO  15:55:31,835 - #15 [
INFO  15:55:31,835 - #14 idx
INFO  15:55:31,835 - #16 ]
INFO  15:55:31,835 - #41 =
INFO  15:55:31,835 - #14 a
INFO  15:55:31,835 - #5 ;
INFO  15:55:31,835 - #3 }
INFO  15:55:31,835 - #14 int
INFO  15:55:31,835 - #14 getp
INFO  15:55:31,835 - #8 (
INFO  15:55:31,835 - #14 int
INFO  15:55:31,835 - #14 idx
INFO  15:55:31,835 - #9 )
INFO  15:55:31,835 - #10 {
INFO  15:55:31,835 - #23 return
INFO  15:55:31,835 - #14 pos
INFO  15:55:31,835 - #15 [
INFO  15:55:31,835 - #14 idx
INFO  15:55:31,835 - #16 ]
INFO  15:55:31,835 - #5 ;
INFO  15:55:31,836 - #3 }
INFO  15:55:31,836 - #14 int
INFO  15:55:31,836 - #14 getn
INFO  15:55:31,836 - #8 (
INFO  15:55:31,836 - #14 int
INFO  15:55:31,836 - #14 idx
INFO  15:55:31,836 - #9 )
INFO  15:55:31,836 - #10 {
INFO  15:55:31,836 - #23 return
INFO  15:55:31,836 - #14 neg
INFO  15:55:31,836 - #15 [
INFO  15:55:31,836 - #14 idx
INFO  15:55:31,836 - #16 ]
INFO  15:55:31,836 - #5 ;
INFO  15:55:31,836 - #3 }
INFO  15:55:31,836 - #3 }
INFO  15:55:31,836 - #3 }
INFO  15:55:31,836 - #14 Table
INFO  15:55:31,838 - #14 val
INFO  15:55:31,838 - #5 ;
INFO  15:55:31,838 - #10 {
INFO  15:55:31,838 - #42 void
INFO  15:55:31,838 - #14 f
INFO  15:55:31,838 - #8 (
INFO  15:55:31,838 - #14 char
INFO  15:55:31,838 - #14 ch
INFO  15:55:31,838 - #6 ,
INFO  15:55:31,838 - #14 int
INFO  15:55:31,838 - #14 a
INFO  15:55:31,838 - #6 ,
INFO  15:55:31,838 - #14 int
INFO  15:55:31,838 - #14 arg
INFO  15:55:31,838 - #9 )
INFO  15:55:31,838 - #14 int
INFO  15:55:31,838 - #14 x
INFO  15:55:31,838 - #5 ;
INFO  15:55:31,839 - #10 {
INFO  15:55:31,839 - #14 x
INFO  15:55:31,839 - #41 =
INFO  15:55:31,839 - #14 arg
INFO  15:55:31,839 - #5 ;
INFO  15:55:31,839 - #3 }
INFO  15:55:31,839 - #42 void
INFO  15:55:31,839 - #14 main
INFO  15:55:31,839 - #8 (
INFO  15:55:31,839 - #9 )
INFO  15:55:31,839 - #14 int
INFO  15:55:31,839 - #14 x
INFO  15:55:31,839 - #6 ,
INFO  15:55:31,839 - #14 i
INFO  15:55:31,839 - #5 ;
INFO  15:55:31,839 - #14 char
INFO  15:55:31,839 - #14 c
INFO  15:55:31,839 - #5 ;
INFO  15:55:31,839 - #10 {
INFO  15:55:31,839 - #14 val
INFO  15:55:31,839 - #41 =
INFO  15:55:31,839 - #45 new
INFO  15:55:31,840 - #14 Table
INFO  15:55:31,840 - #5 ;
INFO  15:55:31,841 - #14 val
INFO  15:55:31,841 - #29 .
INFO  15:55:31,841 - #14 pos
INFO  15:55:31,841 - #41 =
INFO  15:55:31,841 - #45 new
INFO  15:55:31,841 - #14 int
INFO  15:55:31,841 - #15 [
INFO  15:55:31,841 - #14 size
INFO  15:55:31,842 - #16 ]
INFO  15:55:31,842 - #5 ;
INFO  15:55:31,842 - #14 val
INFO  15:55:31,842 - #29 .
INFO  15:55:31,842 - #14 neg
INFO  15:55:31,842 - #41 =
INFO  15:55:31,842 - #45 new
INFO  15:55:31,842 - #14 int
INFO  15:55:31,842 - #15 [
INFO  15:55:31,842 - #14 size
INFO  15:55:31,842 - #16 ]
INFO  15:55:31,842 - #5 ;
INFO  15:55:31,843 - #43 for
INFO  15:55:31,845 - #8 (
INFO  15:55:31,845 - #14 i
INFO  15:55:31,845 - #41 =
INFO  15:55:31,845 - #11 0
INFO  15:55:31,845 - #5 ;
INFO  15:55:31,845 - #14 i
INFO  15:55:31,845 - #34 <
INFO  15:55:31,845 - #14 size
INFO  15:55:31,846 - #5 ;
INFO  15:55:31,847 - #14 i
INFO  15:55:31,847 - #25 ++
INFO  15:55:31,847 - #9 )
INFO  15:55:31,847 - #10 {
INFO  15:55:31,848 - #14 val
INFO  15:55:31,848 - #29 .
INFO  15:55:31,848 - #14 putp
INFO  15:55:31,848 - #8 (
INFO  15:55:31,848 - #11 0
INFO  15:55:31,848 - #6 ,
INFO  15:55:31,848 - #14 i
INFO  15:55:31,848 - #9 )
INFO  15:55:31,848 - #5 ;
INFO  15:55:31,848 - #14 val
INFO  15:55:31,848 - #29 .
INFO  15:55:31,848 - #14 putn
INFO  15:55:31,848 - #8 (
INFO  15:55:31,849 - #11 0
INFO  15:55:31,849 - #6 ,
INFO  15:55:31,849 - #14 i
INFO  15:55:31,849 - #9 )
INFO  15:55:31,849 - #5 ;
INFO  15:55:31,849 - #3 }
INFO  15:55:31,849 - #14 f
INFO  15:55:31,849 - #8 (
INFO  15:55:31,849 - #14 c
INFO  15:55:31,849 - #6 ,
INFO  15:55:31,849 - #14 x
INFO  15:55:31,849 - #6 ,
INFO  15:55:31,849 - #14 i
INFO  15:55:31,849 - #9 )
INFO  15:55:31,849 - #5 ;
INFO  15:55:31,849 - #24 read
INFO  15:55:31,849 - #8 (
INFO  15:55:31,850 - #14 x
INFO  15:55:31,850 - #9 )
INFO  15:55:31,850 - #5 ;
INFO  15:55:31,850 - #43 for
INFO  15:55:31,850 - #8 (
INFO  15:55:31,850 - #5 ;
INFO  15:55:31,851 - #14 x
INFO  15:55:31,851 - #32 >
INFO  15:55:31,851 - #11 0
INFO  15:55:31,852 - #5 ;
INFO  15:55:31,852 - #9 )
INFO  15:55:31,852 - #10 {
INFO  15:55:31,852 - #20 if
INFO  15:55:31,852 - #8 (
INFO  15:55:31,852 - #11 0
INFO  15:55:31,852 - #35 <=
INFO  15:55:31,852 - #14 x
INFO  15:55:31,853 - #28 &&
INFO  15:55:31,853 - #14 x
INFO  15:55:31,853 - #34 <
INFO  15:55:31,853 - #14 size
INFO  15:55:31,853 - #9 )
INFO  15:55:31,853 - #10 {
INFO  15:55:31,853 - #14 val
INFO  15:55:31,853 - #29 .
INFO  15:55:31,853 - #14 putp
INFO  15:55:31,853 - #8 (
INFO  15:55:31,853 - #14 val
INFO  15:55:31,853 - #29 .
INFO  15:55:31,853 - #14 getp
INFO  15:55:31,854 - #8 (
INFO  15:55:31,854 - #14 x
INFO  15:55:31,854 - #9 )
INFO  15:55:31,854 - #36 +
INFO  15:55:31,854 - #11 1
INFO  15:55:31,855 - #9 )
INFO  15:55:31,855 - #5 ;
INFO  15:55:31,855 - #3 }
INFO  15:55:31,855 - #44 else
INFO  15:55:31,855 - #20 if
INFO  15:55:31,855 - #8 (
INFO  15:55:31,855 - #37 -
INFO  15:55:31,855 - #14 size
INFO  15:55:31,856 - #34 <
INFO  15:55:31,856 - #14 x
INFO  15:55:31,856 - #28 &&
INFO  15:55:31,856 - #14 x
INFO  15:55:31,856 - #34 <
INFO  15:55:31,856 - #11 0
INFO  15:55:31,856 - #9 )
INFO  15:55:31,856 - #10 {
INFO  15:55:31,856 - #14 val
INFO  15:55:31,856 - #29 .
INFO  15:55:31,856 - #14 putn
INFO  15:55:31,857 - #8 (
INFO  15:55:31,857 - #14 val
INFO  15:55:31,857 - #29 .
INFO  15:55:31,857 - #14 getn
INFO  15:55:31,857 - #8 (
INFO  15:55:31,857 - #37 -
INFO  15:55:31,857 - #14 x
INFO  15:55:31,857 - #9 )
INFO  15:55:31,857 - #36 +
INFO  15:55:31,857 - #11 1
INFO  15:55:31,857 - #9 )
INFO  15:55:31,857 - #5 ;
INFO  15:55:31,857 - #3 }
INFO  15:55:31,857 - #24 read
INFO  15:55:31,858 - #8 (
INFO  15:55:31,858 - #14 x
INFO  15:55:31,858 - #9 )
INFO  15:55:31,858 - #5 ;
INFO  15:55:31,858 - #3 }
INFO  15:55:31,858 - #3 }
INFO  15:55:31,858 - #3 }
INFO  15:55:31,859 - ===================================SINTAKSNO STABLO======================================
INFO  15:55:31,866 - Program(
  ProgName(
   TestSintaksaIspravno
  ) [ProgName]
  Declarations(
    Declarations(
      Declarations(
        Declarations(
          NoDeclList(
          ) [NoDeclList]
          ConstDeclPart(
            ConstDecl(
              Type(
               int
              ) [Type]
              ConstantsPart(
                ConstPart(
                 size
                  Num(
                   10
                  ) [Num]
                ) [ConstPart]
              ) [ConstantsPart]
            ) [ConstDecl]
          ) [ConstDeclPart]
        ) [Declarations]
        AbstractClassDeclPart(
          AbstractClassDeclaration(
            AbstractClassName(
             Tab
            ) [AbstractClassName]
            NoExtendClass(
            ) [NoExtendClass]
            VarDeclarations(
              NoVarDecl(
              ) [NoVarDecl]
              VarDecl(
                Type(
                 int
                ) [Type]
                Variable(
                  VarIdent(
                   size
                  ) [VarIdent]
                ) [Variable]
              ) [VarDecl]
            ) [VarDeclarations]
            AbstractClassMethodDeclarations(
              AbstractClassMethList(
                AbstractClassMethList(
                  AbsOrRegMeth(
                    AbsClassMethDecl(
                      AbstractMethodDeclaration(
                        AbstractMethod(
                        ) [AbstractMethod]
                        ReturnType(
                          Type(
                           int
                          ) [Type]
                        ) [ReturnType]
                        AbstractMethodName(
                         getp
                        ) [AbstractMethodName]
                        FormalParametars(
                          FormParPart(
                            FormParVar(
                              Type(
                               int
                              ) [Type]
                             i
                            ) [FormParVar]
                          ) [FormParPart]
                        ) [FormalParametars]
                      ) [AbstractMethodDeclaration]
                    ) [AbsClassMethDecl]
                  ) [AbsOrRegMeth]
                  AbsClassMethDecl(
                    AbstractMethodDeclaration(
                      AbstractMethod(
                      ) [AbstractMethod]
                      ReturnType(
                        Type(
                         int
                        ) [Type]
                      ) [ReturnType]
                      AbstractMethodName(
                       getn
                      ) [AbstractMethodName]
                      FormalParametars(
                        FormParPart(
                          FormParVar(
                            Type(
                             int
                            ) [Type]
                           i
                          ) [FormParVar]
                        ) [FormParPart]
                      ) [FormalParametars]
                    ) [AbstractMethodDeclaration]
                  ) [AbsClassMethDecl]
                ) [AbstractClassMethList]
                ClassMethDecl(
                  MethodDecl(
                    ReturnType(
                      Type(
                       int
                      ) [Type]
                    ) [ReturnType]
                    MethodName(
                     getSize
                    ) [MethodName]
                    NoFormalParametars(
                    ) [NoFormalParametars]
                    NoVarDecl(
                    ) [NoVarDecl]
                    Statements(
                      NoStatements(
                      ) [NoStatements]
                      ReturnStatement(
                        ReturnStmt(
                        ) [ReturnStmt]
                        ExprInOptional(
                          Expr(
                            TermNoMinus(
                              FactorTerm(
                                Factors(
                                  DesignatorFactor(
                                    Designator(
                                     size
                                      NoDesignList(
                                      ) [NoDesignList]
                                    ) [Designator]
                                  ) [DesignatorFactor]
                                ) [Factors]
                              ) [FactorTerm]
                            ) [TermNoMinus]
                            NoAddopExpr(
                            ) [NoAddopExpr]
                          ) [Expr]
                        ) [ExprInOptional]
                      ) [ReturnStatement]
                    ) [Statements]
                  ) [MethodDecl]
                ) [ClassMethDecl]
              ) [AbstractClassMethList]
            ) [AbstractClassMethodDeclarations]
            EndClass(
            ) [EndClass]
          ) [AbstractClassDeclaration]
        ) [AbstractClassDeclPart]
      ) [Declarations]
      ClassDeclPart(
        ClassDecl(
          ClassName(
           Table
          ) [ClassName]
          ExtendClass(
            Type(
             Tab
            ) [Type]
          ) [ExtendClass]
          VarDeclarations(
            NoVarDecl(
            ) [NoVarDecl]
            VarDecl(
              Type(
               int
              ) [Type]
              Variables(
                Variable(
                  VarArray(
                   pos
                  ) [VarArray]
                ) [Variable]
                VarArray(
                 neg
                ) [VarArray]
              ) [Variables]
            ) [VarDecl]
          ) [VarDeclarations]
          ClassMethods(
            MethDeclarations(
              MethDeclarations(
                MethDeclarations(
                  MethDeclarations(
                    NoMethDeclarations(
                    ) [NoMethDeclarations]
                    MethodDecl(
                      ReturnVoid(
                      ) [ReturnVoid]
                      MethodName(
                       putp
                      ) [MethodName]
                      FormalParametars(
                        FormParamComma(
                          FormParPart(
                            FormParVar(
                              Type(
                               int
                              ) [Type]
                             a
                            ) [FormParVar]
                          ) [FormParPart]
                          FormParVar(
                            Type(
                             int
                            ) [Type]
                           idx
                          ) [FormParVar]
                        ) [FormParamComma]
                      ) [FormalParametars]
                      NoVarDecl(
                      ) [NoVarDecl]
                      Statements(
                        NoStatements(
                        ) [NoStatements]
                        StatementDesignator(
                          DesignatorStatement(
                            Designator(
                             this
                              DesignList(
                                DesignList(
                                  NoDesignList(
                                  ) [NoDesignList]
                                  DotDesignPart(
                                   pos
                                  ) [DotDesignPart]
                                ) [DesignList]
                                ArrayDesignPart(
                                  ArrayIndexBegin(
                                  ) [ArrayIndexBegin]
                                  Expr(
                                    TermNoMinus(
                                      FactorTerm(
                                        Factors(
                                          DesignatorFactor(
                                            Designator(
                                             idx
                                              NoDesignList(
                                              ) [NoDesignList]
                                            ) [Designator]
                                          ) [DesignatorFactor]
                                        ) [Factors]
                                      ) [FactorTerm]
                                    ) [TermNoMinus]
                                    NoAddopExpr(
                                    ) [NoAddopExpr]
                                  ) [Expr]
                                  ArrayIndexEnd(
                                  ) [ArrayIndexEnd]
                                ) [ArrayDesignPart]
                              ) [DesignList]
                            ) [Designator]
                            AssignOperation(
                              Assignop(
                              ) [Assignop]
                              Expr(
                                TermNoMinus(
                                  FactorTerm(
                                    Factors(
                                      DesignatorFactor(
                                        Designator(
                                         a
                                          NoDesignList(
                                          ) [NoDesignList]
                                        ) [Designator]
                                      ) [DesignatorFactor]
                                    ) [Factors]
                                  ) [FactorTerm]
                                ) [TermNoMinus]
                                NoAddopExpr(
                                ) [NoAddopExpr]
                              ) [Expr]
                            ) [AssignOperation]
                          ) [DesignatorStatement]
                        ) [StatementDesignator]
                      ) [Statements]
                    ) [MethodDecl]
                  ) [MethDeclarations]
                  MethodDecl(
                    ReturnVoid(
                    ) [ReturnVoid]
                    MethodName(
                     putn
                    ) [MethodName]
                    FormalParametars(
                      FormParamComma(
                        FormParPart(
                          FormParVar(
                            Type(
                             int
                            ) [Type]
                           a
                          ) [FormParVar]
                        ) [FormParPart]
                        FormParVar(
                          Type(
                           int
                          ) [Type]
                         idx
                        ) [FormParVar]
                      ) [FormParamComma]
                    ) [FormalParametars]
                    NoVarDecl(
                    ) [NoVarDecl]
                    Statements(
                      NoStatements(
                      ) [NoStatements]
                      StatementDesignator(
                        DesignatorStatement(
                          Designator(
                           this
                            DesignList(
                              DesignList(
                                NoDesignList(
                                ) [NoDesignList]
                                DotDesignPart(
                                 neg
                                ) [DotDesignPart]
                              ) [DesignList]
                              ArrayDesignPart(
                                ArrayIndexBegin(
                                ) [ArrayIndexBegin]
                                Expr(
                                  TermNoMinus(
                                    FactorTerm(
                                      Factors(
                                        DesignatorFactor(
                                          Designator(
                                           idx
                                            NoDesignList(
                                            ) [NoDesignList]
                                          ) [Designator]
                                        ) [DesignatorFactor]
                                      ) [Factors]
                                    ) [FactorTerm]
                                  ) [TermNoMinus]
                                  NoAddopExpr(
                                  ) [NoAddopExpr]
                                ) [Expr]
                                ArrayIndexEnd(
                                ) [ArrayIndexEnd]
                              ) [ArrayDesignPart]
                            ) [DesignList]
                          ) [Designator]
                          AssignOperation(
                            Assignop(
                            ) [Assignop]
                            Expr(
                              TermNoMinus(
                                FactorTerm(
                                  Factors(
                                    DesignatorFactor(
                                      Designator(
                                       a
                                        NoDesignList(
                                        ) [NoDesignList]
                                      ) [Designator]
                                    ) [DesignatorFactor]
                                  ) [Factors]
                                ) [FactorTerm]
                              ) [TermNoMinus]
                              NoAddopExpr(
                              ) [NoAddopExpr]
                            ) [Expr]
                          ) [AssignOperation]
                        ) [DesignatorStatement]
                      ) [StatementDesignator]
                    ) [Statements]
                  ) [MethodDecl]
                ) [MethDeclarations]
                MethodDecl(
                  ReturnType(
                    Type(
                     int
                    ) [Type]
                  ) [ReturnType]
                  MethodName(
                   getp
                  ) [MethodName]
                  FormalParametars(
                    FormParPart(
                      FormParVar(
                        Type(
                         int
                        ) [Type]
                       idx
                      ) [FormParVar]
                    ) [FormParPart]
                  ) [FormalParametars]
                  NoVarDecl(
                  ) [NoVarDecl]
                  Statements(
                    NoStatements(
                    ) [NoStatements]
                    ReturnStatement(
                      ReturnStmt(
                      ) [ReturnStmt]
                      ExprInOptional(
                        Expr(
                          TermNoMinus(
                            FactorTerm(
                              Factors(
                                DesignatorFactor(
                                  Designator(
                                   pos
                                    DesignList(
                                      NoDesignList(
                                      ) [NoDesignList]
                                      ArrayDesignPart(
                                        ArrayIndexBegin(
                                        ) [ArrayIndexBegin]
                                        Expr(
                                          TermNoMinus(
                                            FactorTerm(
                                              Factors(
                                                DesignatorFactor(
                                                  Designator(
                                                   idx
                                                    NoDesignList(
                                                    ) [NoDesignList]
                                                  ) [Designator]
                                                ) [DesignatorFactor]
                                              ) [Factors]
                                            ) [FactorTerm]
                                          ) [TermNoMinus]
                                          NoAddopExpr(
                                          ) [NoAddopExpr]
                                        ) [Expr]
                                        ArrayIndexEnd(
                                        ) [ArrayIndexEnd]
                                      ) [ArrayDesignPart]
                                    ) [DesignList]
                                  ) [Designator]
                                ) [DesignatorFactor]
                              ) [Factors]
                            ) [FactorTerm]
                          ) [TermNoMinus]
                          NoAddopExpr(
                          ) [NoAddopExpr]
                        ) [Expr]
                      ) [ExprInOptional]
                    ) [ReturnStatement]
                  ) [Statements]
                ) [MethodDecl]
              ) [MethDeclarations]
              MethodDecl(
                ReturnType(
                  Type(
                   int
                  ) [Type]
                ) [ReturnType]
                MethodName(
                 getn
                ) [MethodName]
                FormalParametars(
                  FormParPart(
                    FormParVar(
                      Type(
                       int
                      ) [Type]
                     idx
                    ) [FormParVar]
                  ) [FormParPart]
                ) [FormalParametars]
                NoVarDecl(
                ) [NoVarDecl]
                Statements(
                  NoStatements(
                  ) [NoStatements]
                  ReturnStatement(
                    ReturnStmt(
                    ) [ReturnStmt]
                    ExprInOptional(
                      Expr(
                        TermNoMinus(
                          FactorTerm(
                            Factors(
                              DesignatorFactor(
                                Designator(
                                 neg
                                  DesignList(
                                    NoDesignList(
                                    ) [NoDesignList]
                                    ArrayDesignPart(
                                      ArrayIndexBegin(
                                      ) [ArrayIndexBegin]
                                      Expr(
                                        TermNoMinus(
                                          FactorTerm(
                                            Factors(
                                              DesignatorFactor(
                                                Designator(
                                                 idx
                                                  NoDesignList(
                                                  ) [NoDesignList]
                                                ) [Designator]
                                              ) [DesignatorFactor]
                                            ) [Factors]
                                          ) [FactorTerm]
                                        ) [TermNoMinus]
                                        NoAddopExpr(
                                        ) [NoAddopExpr]
                                      ) [Expr]
                                      ArrayIndexEnd(
                                      ) [ArrayIndexEnd]
                                    ) [ArrayDesignPart]
                                  ) [DesignList]
                                ) [Designator]
                              ) [DesignatorFactor]
                            ) [Factors]
                          ) [FactorTerm]
                        ) [TermNoMinus]
                        NoAddopExpr(
                        ) [NoAddopExpr]
                      ) [Expr]
                    ) [ExprInOptional]
                  ) [ReturnStatement]
                ) [Statements]
              ) [MethodDecl]
            ) [MethDeclarations]
          ) [ClassMethods]
          EndClass(
          ) [EndClass]
        ) [ClassDecl]
      ) [ClassDeclPart]
    ) [Declarations]
    VarDeclPart(
      VarDecl(
        Type(
         Table
        ) [Type]
        Variable(
          VarIdent(
           val
          ) [VarIdent]
        ) [Variable]
      ) [VarDecl]
    ) [VarDeclPart]
  ) [Declarations]
  MethDeclarations(
    MethDeclarations(
      NoMethDeclarations(
      ) [NoMethDeclarations]
      MethodDecl(
        ReturnVoid(
        ) [ReturnVoid]
        MethodName(
         f
        ) [MethodName]
        FormalParametars(
          FormParamComma(
            FormParamComma(
              FormParPart(
                FormParVar(
                  Type(
                   char
                  ) [Type]
                 ch
                ) [FormParVar]
              ) [FormParPart]
              FormParVar(
                Type(
                 int
                ) [Type]
               a
              ) [FormParVar]
            ) [FormParamComma]
            FormParVar(
              Type(
               int
              ) [Type]
             arg
            ) [FormParVar]
          ) [FormParamComma]
        ) [FormalParametars]
        VarDeclarations(
          NoVarDecl(
          ) [NoVarDecl]
          VarDecl(
            Type(
             int
            ) [Type]
            Variable(
              VarIdent(
               x
              ) [VarIdent]
            ) [Variable]
          ) [VarDecl]
        ) [VarDeclarations]
        Statements(
          NoStatements(
          ) [NoStatements]
          StatementDesignator(
            DesignatorStatement(
              Designator(
               x
                NoDesignList(
                ) [NoDesignList]
              ) [Designator]
              AssignOperation(
                Assignop(
                ) [Assignop]
                Expr(
                  TermNoMinus(
                    FactorTerm(
                      Factors(
                        DesignatorFactor(
                          Designator(
                           arg
                            NoDesignList(
                            ) [NoDesignList]
                          ) [Designator]
                        ) [DesignatorFactor]
                      ) [Factors]
                    ) [FactorTerm]
                  ) [TermNoMinus]
                  NoAddopExpr(
                  ) [NoAddopExpr]
                ) [Expr]
              ) [AssignOperation]
            ) [DesignatorStatement]
          ) [StatementDesignator]
        ) [Statements]
      ) [MethodDecl]
    ) [MethDeclarations]
    MethodDecl(
      ReturnVoid(
      ) [ReturnVoid]
      MethodName(
       main
      ) [MethodName]
      NoFormalParametars(
      ) [NoFormalParametars]
      VarDeclarations(
        VarDeclarations(
          NoVarDecl(
          ) [NoVarDecl]
          VarDecl(
            Type(
             int
            ) [Type]
            Variables(
              Variable(
                VarIdent(
                 x
                ) [VarIdent]
              ) [Variable]
              VarIdent(
               i
              ) [VarIdent]
            ) [Variables]
          ) [VarDecl]
        ) [VarDeclarations]
        VarDecl(
          Type(
           char
          ) [Type]
          Variable(
            VarIdent(
             c
            ) [VarIdent]
          ) [Variable]
        ) [VarDecl]
      ) [VarDeclarations]
      Statements(
        Statements(
          Statements(
            Statements(
              Statements(
                Statements(
                  Statements(
                    NoStatements(
                    ) [NoStatements]
                    StatementDesignator(
                      DesignatorStatement(
                        Designator(
                         val
                          NoDesignList(
                          ) [NoDesignList]
                        ) [Designator]
                        AssignOperation(
                          Assignop(
                          ) [Assignop]
                          Expr(
                            TermNoMinus(
                              FactorTerm(
                                Factors(
                                  NewFact(
                                    NewType(
                                      Type(
                                       Table
                                      ) [Type]
                                    ) [NewType]
                                    BoxNoExpr(
                                    ) [BoxNoExpr]
                                  ) [NewFact]
                                ) [Factors]
                              ) [FactorTerm]
                            ) [TermNoMinus]
                            NoAddopExpr(
                            ) [NoAddopExpr]
                          ) [Expr]
                        ) [AssignOperation]
                      ) [DesignatorStatement]
                    ) [StatementDesignator]
                  ) [Statements]
                  StatementDesignator(
                    DesignatorStatement(
                      Designator(
                       val
                        DesignList(
                          NoDesignList(
                          ) [NoDesignList]
                          DotDesignPart(
                           pos
                          ) [DotDesignPart]
                        ) [DesignList]
                      ) [Designator]
                      AssignOperation(
                        Assignop(
                        ) [Assignop]
                        Expr(
                          TermNoMinus(
                            FactorTerm(
                              Factors(
                                NewFact(
                                  NewType(
                                    Type(
                                     int
                                    ) [Type]
                                  ) [NewType]
                                  ExprBox(
                                    NewLBoxBr(
                                    ) [NewLBoxBr]
                                    Expr(
                                      TermNoMinus(
                                        FactorTerm(
                                          Factors(
                                            DesignatorFactor(
                                              Designator(
                                               size
                                                NoDesignList(
                                                ) [NoDesignList]
                                              ) [Designator]
                                            ) [DesignatorFactor]
                                          ) [Factors]
                                        ) [FactorTerm]
                                      ) [TermNoMinus]
                                      NoAddopExpr(
                                      ) [NoAddopExpr]
                                    ) [Expr]
                                  ) [ExprBox]
                                ) [NewFact]
                              ) [Factors]
                            ) [FactorTerm]
                          ) [TermNoMinus]
                          NoAddopExpr(
                          ) [NoAddopExpr]
                        ) [Expr]
                      ) [AssignOperation]
                    ) [DesignatorStatement]
                  ) [StatementDesignator]
                ) [Statements]
                StatementDesignator(
                  DesignatorStatement(
                    Designator(
                     val
                      DesignList(
                        NoDesignList(
                        ) [NoDesignList]
                        DotDesignPart(
                         neg
                        ) [DotDesignPart]
                      ) [DesignList]
                    ) [Designator]
                    AssignOperation(
                      Assignop(
                      ) [Assignop]
                      Expr(
                        TermNoMinus(
                          FactorTerm(
                            Factors(
                              NewFact(
                                NewType(
                                  Type(
                                   int
                                  ) [Type]
                                ) [NewType]
                                ExprBox(
                                  NewLBoxBr(
                                  ) [NewLBoxBr]
                                  Expr(
                                    TermNoMinus(
                                      FactorTerm(
                                        Factors(
                                          DesignatorFactor(
                                            Designator(
                                             size
                                              NoDesignList(
                                              ) [NoDesignList]
                                            ) [Designator]
                                          ) [DesignatorFactor]
                                        ) [Factors]
                                      ) [FactorTerm]
                                    ) [TermNoMinus]
                                    NoAddopExpr(
                                    ) [NoAddopExpr]
                                  ) [Expr]
                                ) [ExprBox]
                              ) [NewFact]
                            ) [Factors]
                          ) [FactorTerm]
                        ) [TermNoMinus]
                        NoAddopExpr(
                        ) [NoAddopExpr]
                      ) [Expr]
                    ) [AssignOperation]
                  ) [DesignatorStatement]
                ) [StatementDesignator]
              ) [Statements]
              ForStatement(
                DesignatorStatementInOptinal(
                  DesignatorStatement(
                    Designator(
                     i
                      NoDesignList(
                      ) [NoDesignList]
                    ) [Designator]
                    AssignOperation(
                      Assignop(
                      ) [Assignop]
                      Expr(
                        TermNoMinus(
                          FactorTerm(
                            Factors(
                              NumberFactor(
                               0
                              ) [NumberFactor]
                            ) [Factors]
                          ) [FactorTerm]
                        ) [TermNoMinus]
                        NoAddopExpr(
                        ) [NoAddopExpr]
                      ) [Expr]
                    ) [AssignOperation]
                  ) [DesignatorStatement]
                ) [DesignatorStatementInOptinal]
                ConditionInOptional(
                  CondList(
                    ConditionTerm(
                      CondTerms(
                        CondTermListCondFact(
                          CondFactExprRelop(
                            Expr(
                              TermNoMinus(
                                FactorTerm(
                                  Factors(
                                    DesignatorFactor(
                                      Designator(
                                       i
                                        NoDesignList(
                                        ) [NoDesignList]
                                      ) [Designator]
                                    ) [DesignatorFactor]
                                  ) [Factors]
                                ) [FactorTerm]
                              ) [TermNoMinus]
                              NoAddopExpr(
                              ) [NoAddopExpr]
                            ) [Expr]
                            Less(
                            ) [Less]
                            Expr(
                              TermNoMinus(
                                FactorTerm(
                                  Factors(
                                    DesignatorFactor(
                                      Designator(
                                       size
                                        NoDesignList(
                                        ) [NoDesignList]
                                      ) [Designator]
                                    ) [DesignatorFactor]
                                  ) [Factors]
                                ) [FactorTerm]
                              ) [TermNoMinus]
                              NoAddopExpr(
                              ) [NoAddopExpr]
                            ) [Expr]
                          ) [CondFactExprRelop]
                        ) [CondTermListCondFact]
                      ) [CondTerms]
                    ) [ConditionTerm]
                  ) [CondList]
                ) [ConditionInOptional]
                DesignatorStatementInOptinal(
                  DesignatorStatement(
                    Designator(
                     i
                      NoDesignList(
                      ) [NoDesignList]
                    ) [Designator]
                    Increment(
                    ) [Increment]
                  ) [DesignatorStatement]
                ) [DesignatorStatementInOptinal]
                StatementsInBrace(
                  Statements(
                    Statements(
                      NoStatements(
                      ) [NoStatements]
                      StatementDesignator(
                        DesignatorStatement(
                          Designator(
                           val
                            DesignList(
                              NoDesignList(
                              ) [NoDesignList]
                              DotDesignPart(
                               putp
                              ) [DotDesignPart]
                            ) [DesignList]
                          ) [Designator]
                          ProcCall(
                            ActParsInOptional(
                              ActualParsList(
                                ActualParams(
                                  ActualParamExpr(
                                    Expr(
                                      TermNoMinus(
                                        FactorTerm(
                                          Factors(
                                            NumberFactor(
                                             0
                                            ) [NumberFactor]
                                          ) [Factors]
                                        ) [FactorTerm]
                                      ) [TermNoMinus]
                                      NoAddopExpr(
                                      ) [NoAddopExpr]
                                    ) [Expr]
                                  ) [ActualParamExpr]
                                  Expr(
                                    TermNoMinus(
                                      FactorTerm(
                                        Factors(
                                          DesignatorFactor(
                                            Designator(
                                             i
                                              NoDesignList(
                                              ) [NoDesignList]
                                            ) [Designator]
                                          ) [DesignatorFactor]
                                        ) [Factors]
                                      ) [FactorTerm]
                                    ) [TermNoMinus]
                                    NoAddopExpr(
                                    ) [NoAddopExpr]
                                  ) [Expr]
                                ) [ActualParams]
                              ) [ActualParsList]
                            ) [ActParsInOptional]
                          ) [ProcCall]
                        ) [DesignatorStatement]
                      ) [StatementDesignator]
                    ) [Statements]
                    StatementDesignator(
                      DesignatorStatement(
                        Designator(
                         val
                          DesignList(
                            NoDesignList(
                            ) [NoDesignList]
                            DotDesignPart(
                             putn
                            ) [DotDesignPart]
                          ) [DesignList]
                        ) [Designator]
                        ProcCall(
                          ActParsInOptional(
                            ActualParsList(
                              ActualParams(
                                ActualParamExpr(
                                  Expr(
                                    TermNoMinus(
                                      FactorTerm(
                                        Factors(
                                          NumberFactor(
                                           0
                                          ) [NumberFactor]
                                        ) [Factors]
                                      ) [FactorTerm]
                                    ) [TermNoMinus]
                                    NoAddopExpr(
                                    ) [NoAddopExpr]
                                  ) [Expr]
                                ) [ActualParamExpr]
                                Expr(
                                  TermNoMinus(
                                    FactorTerm(
                                      Factors(
                                        DesignatorFactor(
                                          Designator(
                                           i
                                            NoDesignList(
                                            ) [NoDesignList]
                                          ) [Designator]
                                        ) [DesignatorFactor]
                                      ) [Factors]
                                    ) [FactorTerm]
                                  ) [TermNoMinus]
                                  NoAddopExpr(
                                  ) [NoAddopExpr]
                                ) [Expr]
                              ) [ActualParams]
                            ) [ActualParsList]
                          ) [ActParsInOptional]
                        ) [ProcCall]
                      ) [DesignatorStatement]
                    ) [StatementDesignator]
                  ) [Statements]
                ) [StatementsInBrace]
              ) [ForStatement]
            ) [Statements]
            StatementDesignator(
              DesignatorStatement(
                Designator(
                 f
                  NoDesignList(
                  ) [NoDesignList]
                ) [Designator]
                ProcCall(
                  ActParsInOptional(
                    ActualParsList(
                      ActualParams(
                        ActualParams(
                          ActualParamExpr(
                            Expr(
                              TermNoMinus(
                                FactorTerm(
                                  Factors(
                                    DesignatorFactor(
                                      Designator(
                                       c
                                        NoDesignList(
                                        ) [NoDesignList]
                                      ) [Designator]
                                    ) [DesignatorFactor]
                                  ) [Factors]
                                ) [FactorTerm]
                              ) [TermNoMinus]
                              NoAddopExpr(
                              ) [NoAddopExpr]
                            ) [Expr]
                          ) [ActualParamExpr]
                          Expr(
                            TermNoMinus(
                              FactorTerm(
                                Factors(
                                  DesignatorFactor(
                                    Designator(
                                     x
                                      NoDesignList(
                                      ) [NoDesignList]
                                    ) [Designator]
                                  ) [DesignatorFactor]
                                ) [Factors]
                              ) [FactorTerm]
                            ) [TermNoMinus]
                            NoAddopExpr(
                            ) [NoAddopExpr]
                          ) [Expr]
                        ) [ActualParams]
                        Expr(
                          TermNoMinus(
                            FactorTerm(
                              Factors(
                                DesignatorFactor(
                                  Designator(
                                   i
                                    NoDesignList(
                                    ) [NoDesignList]
                                  ) [Designator]
                                ) [DesignatorFactor]
                              ) [Factors]
                            ) [FactorTerm]
                          ) [TermNoMinus]
                          NoAddopExpr(
                          ) [NoAddopExpr]
                        ) [Expr]
                      ) [ActualParams]
                    ) [ActualParsList]
                  ) [ActParsInOptional]
                ) [ProcCall]
              ) [DesignatorStatement]
            ) [StatementDesignator]
          ) [Statements]
          ReadStatement(
            Read(
            ) [Read]
            Designator(
             x
              NoDesignList(
              ) [NoDesignList]
            ) [Designator]
          ) [ReadStatement]
        ) [Statements]
        ForStatement(
          NoDesignatorStatement(
          ) [NoDesignatorStatement]
          ConditionInOptional(
            CondList(
              ConditionTerm(
                CondTerms(
                  CondTermListCondFact(
                    CondFactExprRelop(
                      Expr(
                        TermNoMinus(
                          FactorTerm(
                            Factors(
                              DesignatorFactor(
                                Designator(
                                 x
                                  NoDesignList(
                                  ) [NoDesignList]
                                ) [Designator]
                              ) [DesignatorFactor]
                            ) [Factors]
                          ) [FactorTerm]
                        ) [TermNoMinus]
                        NoAddopExpr(
                        ) [NoAddopExpr]
                      ) [Expr]
                      Grt(
                      ) [Grt]
                      Expr(
                        TermNoMinus(
                          FactorTerm(
                            Factors(
                              NumberFactor(
                               0
                              ) [NumberFactor]
                            ) [Factors]
                          ) [FactorTerm]
                        ) [TermNoMinus]
                        NoAddopExpr(
                        ) [NoAddopExpr]
                      ) [Expr]
                    ) [CondFactExprRelop]
                  ) [CondTermListCondFact]
                ) [CondTerms]
              ) [ConditionTerm]
            ) [CondList]
          ) [ConditionInOptional]
          NoDesignatorStatement(
          ) [NoDesignatorStatement]
          StatementsInBrace(
            Statements(
              Statements(
                NoStatements(
                ) [NoStatements]
                IfStatement(
                  CondList(
                    ConditionTerm(
                      CondTerms(
                        CondTermListAnd(
                          CondTermListCondFact(
                            CondFactExprRelop(
                              Expr(
                                TermNoMinus(
                                  FactorTerm(
                                    Factors(
                                      NumberFactor(
                                       0
                                      ) [NumberFactor]
                                    ) [Factors]
                                  ) [FactorTerm]
                                ) [TermNoMinus]
                                NoAddopExpr(
                                ) [NoAddopExpr]
                              ) [Expr]
                              Lesse(
                              ) [Lesse]
                              Expr(
                                TermNoMinus(
                                  FactorTerm(
                                    Factors(
                                      DesignatorFactor(
                                        Designator(
                                         x
                                          NoDesignList(
                                          ) [NoDesignList]
                                        ) [Designator]
                                      ) [DesignatorFactor]
                                    ) [Factors]
                                  ) [FactorTerm]
                                ) [TermNoMinus]
                                NoAddopExpr(
                                ) [NoAddopExpr]
                              ) [Expr]
                            ) [CondFactExprRelop]
                          ) [CondTermListCondFact]
                          CondFactExprRelop(
                            Expr(
                              TermNoMinus(
                                FactorTerm(
                                  Factors(
                                    DesignatorFactor(
                                      Designator(
                                       x
                                        NoDesignList(
                                        ) [NoDesignList]
                                      ) [Designator]
                                    ) [DesignatorFactor]
                                  ) [Factors]
                                ) [FactorTerm]
                              ) [TermNoMinus]
                              NoAddopExpr(
                              ) [NoAddopExpr]
                            ) [Expr]
                            Less(
                            ) [Less]
                            Expr(
                              TermNoMinus(
                                FactorTerm(
                                  Factors(
                                    DesignatorFactor(
                                      Designator(
                                       size
                                        NoDesignList(
                                        ) [NoDesignList]
                                      ) [Designator]
                                    ) [DesignatorFactor]
                                  ) [Factors]
                                ) [FactorTerm]
                              ) [TermNoMinus]
                              NoAddopExpr(
                              ) [NoAddopExpr]
                            ) [Expr]
                          ) [CondFactExprRelop]
                        ) [CondTermListAnd]
                      ) [CondTerms]
                    ) [ConditionTerm]
                  ) [CondList]
                  StatementsInBrace(
                    Statements(
                      NoStatements(
                      ) [NoStatements]
                      StatementDesignator(
                        DesignatorStatement(
                          Designator(
                           val
                            DesignList(
                              NoDesignList(
                              ) [NoDesignList]
                              DotDesignPart(
                               putp
                              ) [DotDesignPart]
                            ) [DesignList]
                          ) [Designator]
                          ProcCall(
                            ActParsInOptional(
                              ActualParsList(
                                ActualParamExpr(
                                  Expr(
                                    TermNoMinus(
                                      FactorTerm(
                                        Factors(
                                          FuncCall(
                                            Designator(
                                             val
                                              DesignList(
                                                NoDesignList(
                                                ) [NoDesignList]
                                                DotDesignPart(
                                                 getp
                                                ) [DotDesignPart]
                                              ) [DesignList]
                                            ) [Designator]
                                            ActParsInOptional(
                                              ActualParsList(
                                                ActualParamExpr(
                                                  Expr(
                                                    TermNoMinus(
                                                      FactorTerm(
                                                        Factors(
                                                          DesignatorFactor(
                                                            Designator(
                                                             x
                                                              NoDesignList(
                                                              ) [NoDesignList]
                                                            ) [Designator]
                                                          ) [DesignatorFactor]
                                                        ) [Factors]
                                                      ) [FactorTerm]
                                                    ) [TermNoMinus]
                                                    NoAddopExpr(
                                                    ) [NoAddopExpr]
                                                  ) [Expr]
                                                ) [ActualParamExpr]
                                              ) [ActualParsList]
                                            ) [ActParsInOptional]
                                          ) [FuncCall]
                                        ) [Factors]
                                      ) [FactorTerm]
                                    ) [TermNoMinus]
                                    AddopExpr(
                                      NoAddopExpr(
                                      ) [NoAddopExpr]
                                      Plus(
                                      ) [Plus]
                                      FactorTerm(
                                        Factors(
                                          NumberFactor(
                                           1
                                          ) [NumberFactor]
                                        ) [Factors]
                                      ) [FactorTerm]
                                    ) [AddopExpr]
                                  ) [Expr]
                                ) [ActualParamExpr]
                              ) [ActualParsList]
                            ) [ActParsInOptional]
                          ) [ProcCall]
                        ) [DesignatorStatement]
                      ) [StatementDesignator]
                    ) [Statements]
                  ) [StatementsInBrace]
                  ElseStmt(
                    IfStatement(
                      CondList(
                        ConditionTerm(
                          CondTerms(
                            CondTermListAnd(
                              CondTermListCondFact(
                                CondFactExprRelop(
                                  Expr(
                                    TermMinus(
                                      MinusTerm(
                                      ) [MinusTerm]
                                      FactorTerm(
                                        Factors(
                                          DesignatorFactor(
                                            Designator(
                                             size
                                              NoDesignList(
                                              ) [NoDesignList]
                                            ) [Designator]
                                          ) [DesignatorFactor]
                                        ) [Factors]
                                      ) [FactorTerm]
                                    ) [TermMinus]
                                    NoAddopExpr(
                                    ) [NoAddopExpr]
                                  ) [Expr]
                                  Less(
                                  ) [Less]
                                  Expr(
                                    TermNoMinus(
                                      FactorTerm(
                                        Factors(
                                          DesignatorFactor(
                                            Designator(
                                             x
                                              NoDesignList(
                                              ) [NoDesignList]
                                            ) [Designator]
                                          ) [DesignatorFactor]
                                        ) [Factors]
                                      ) [FactorTerm]
                                    ) [TermNoMinus]
                                    NoAddopExpr(
                                    ) [NoAddopExpr]
                                  ) [Expr]
                                ) [CondFactExprRelop]
                              ) [CondTermListCondFact]
                              CondFactExprRelop(
                                Expr(
                                  TermNoMinus(
                                    FactorTerm(
                                      Factors(
                                        DesignatorFactor(
                                          Designator(
                                           x
                                            NoDesignList(
                                            ) [NoDesignList]
                                          ) [Designator]
                                        ) [DesignatorFactor]
                                      ) [Factors]
                                    ) [FactorTerm]
                                  ) [TermNoMinus]
                                  NoAddopExpr(
                                  ) [NoAddopExpr]
                                ) [Expr]
                                Less(
                                ) [Less]
                                Expr(
                                  TermNoMinus(
                                    FactorTerm(
                                      Factors(
                                        NumberFactor(
                                         0
                                        ) [NumberFactor]
                                      ) [Factors]
                                    ) [FactorTerm]
                                  ) [TermNoMinus]
                                  NoAddopExpr(
                                  ) [NoAddopExpr]
                                ) [Expr]
                              ) [CondFactExprRelop]
                            ) [CondTermListAnd]
                          ) [CondTerms]
                        ) [ConditionTerm]
                      ) [CondList]
                      StatementsInBrace(
                        Statements(
                          NoStatements(
                          ) [NoStatements]
                          StatementDesignator(
                            DesignatorStatement(
                              Designator(
                               val
                                DesignList(
                                  NoDesignList(
                                  ) [NoDesignList]
                                  DotDesignPart(
                                   putn
                                  ) [DotDesignPart]
                                ) [DesignList]
                              ) [Designator]
                              ProcCall(
                                ActParsInOptional(
                                  ActualParsList(
                                    ActualParamExpr(
                                      Expr(
                                        TermNoMinus(
                                          FactorTerm(
                                            Factors(
                                              FuncCall(
                                                Designator(
                                                 val
                                                  DesignList(
                                                    NoDesignList(
                                                    ) [NoDesignList]
                                                    DotDesignPart(
                                                     getn
                                                    ) [DotDesignPart]
                                                  ) [DesignList]
                                                ) [Designator]
                                                ActParsInOptional(
                                                  ActualParsList(
                                                    ActualParamExpr(
                                                      Expr(
                                                        TermMinus(
                                                          MinusTerm(
                                                          ) [MinusTerm]
                                                          FactorTerm(
                                                            Factors(
                                                              DesignatorFactor(
                                                                Designator(
                                                                 x
                                                                  NoDesignList(
                                                                  ) [NoDesignList]
                                                                ) [Designator]
                                                              ) [DesignatorFactor]
                                                            ) [Factors]
                                                          ) [FactorTerm]
                                                        ) [TermMinus]
                                                        NoAddopExpr(
                                                        ) [NoAddopExpr]
                                                      ) [Expr]
                                                    ) [ActualParamExpr]
                                                  ) [ActualParsList]
                                                ) [ActParsInOptional]
                                              ) [FuncCall]
                                            ) [Factors]
                                          ) [FactorTerm]
                                        ) [TermNoMinus]
                                        AddopExpr(
                                          NoAddopExpr(
                                          ) [NoAddopExpr]
                                          Plus(
                                          ) [Plus]
                                          FactorTerm(
                                            Factors(
                                              NumberFactor(
                                               1
                                              ) [NumberFactor]
                                            ) [Factors]
                                          ) [FactorTerm]
                                        ) [AddopExpr]
                                      ) [Expr]
                                    ) [ActualParamExpr]
                                  ) [ActualParsList]
                                ) [ActParsInOptional]
                              ) [ProcCall]
                            ) [DesignatorStatement]
                          ) [StatementDesignator]
                        ) [Statements]
                      ) [StatementsInBrace]
                      NoElseStmt(
                      ) [NoElseStmt]
                    ) [IfStatement]
                  ) [ElseStmt]
                ) [IfStatement]
              ) [Statements]
              ReadStatement(
                Read(
                ) [Read]
                Designator(
                 x
                  NoDesignList(
                  ) [NoDesignList]
                ) [Designator]
              ) [ReadStatement]
            ) [Statements]
          ) [StatementsInBrace]
        ) [ForStatement]
      ) [Statements]
    ) [MethodDecl]
  ) [MethDeclarations]
) [Program]
